<?xml version="1.0" encoding="UTF-8"?>
<testng-results skipped="0" failed="0" total="1" passed="1">
  <reporter-output>
  </reporter-output>
  <suite name="Default suite" duration-ms="25488" started-at="2017-02-21T05:48:07Z" finished-at="2017-02-21T05:48:32Z">
    <groups>
    </groups>
    <test name="Default test" duration-ms="25488" started-at="2017-02-21T05:48:07Z" finished-at="2017-02-21T05:48:32Z">
      <class name="com.shiptproject.WebPageAutomationTestCase">
        <test-method status="PASS" signature="setUp(java.lang.String)[pri:0, instance:com.shiptproject.WebPageAutomationTestCase@c94ef09a]" name="setUp" is-config="true" duration-ms="3544" started-at="2017-02-20T21:48:07Z" finished-at="2017-02-20T21:48:10Z">
          <params>
            <param index="0">
              <value>
                <![CDATA[chrome]]>
              </value>
            </param>
          </params>
          <reporter-output>
          </reporter-output>
        </test-method> <!-- setUp -->
        <test-method status="PASS" signature="webpageautomation()[pri:0, instance:com.shiptproject.WebPageAutomationTestCase@c94ef09a]" name="webpageautomation" duration-ms="21052" started-at="2017-02-20T21:48:10Z" finished-at="2017-02-20T21:48:31Z">
          <reporter-output>
          </reporter-output>
        </test-method> <!-- webpageautomation -->
        <test-method status="PASS" signature="tearDown()[pri:0, instance:com.shiptproject.WebPageAutomationTestCase@c94ef09a]" name="tearDown" is-config="true" duration-ms="883" started-at="2017-02-20T21:48:31Z" finished-at="2017-02-20T21:48:32Z">
          <reporter-output>
          </reporter-output>
        </test-method> <!-- tearDown -->
      </class> <!-- com.shiptproject.WebPageAutomationTestCase -->
    </test> <!-- Default test -->
  </suite> <!-- Default suite -->
</testng-results>
